
> @renegade/ui@0.0.0 build /Users/malcolmnunley/Renegade App/packages/ui
> tsup

CLI Building entry: src/index.ts
CLI Using tsconfig: tsconfig.json
CLI tsup v8.5.0
CLI Using tsup config: /Users/malcolmnunley/Renegade App/packages/ui/tsup.config.ts
CLI Target: es2020
CLI Cleaning output folder
CJS Build start
ESM Build start
CJS dist/index.cjs     97.44 KB
CJS dist/index.cjs.map 515.24 KB
CJS ⚡️ Build success in 34ms
ESM dist/index.js     88.53 KB
ESM dist/index.js.map 513.13 KB
ESM ⚡️ Build success in 34ms
DTS Build start
DTS ⚡️ Build success in 1343ms
DTS dist/index.d.cts 17.41 KB
DTS dist/index.d.ts  17.41 KB
